<?xml version="1.0" encoding="UTF-8"?>
<testsuite name="com.ll.level0.p120829.Tests" tests="1" skipped="0" failures="0" errors="0" timestamp="2023-02-23T01:52:11" hostname="DESKTOP-1K99QI4" time="0.063">
  <properties/>
  <testcase name="180�쓣 �꽔�쑝硫� 4媛��굹�삩�떎" classname="com.ll.level0.p120829.Tests" time="0.063"/>
  <system-out><![CDATA[]]></system-out>
  <system-err><![CDATA[]]></system-err>
</testsuite>
